<?xml version="1.0" encoding="UTF-8"?>
<coverage generated="1716918056737" clover="3.2.0">
  <project timestamp="1716918056737" name="All files">
    <metrics statements="135" coveredstatements="110" conditionals="103" coveredconditionals="81" methods="48" coveredmethods="41" elements="286" coveredelements="232" complexity="0" loc="135" ncloc="135" packages="8" files="15" classes="15"/>
    <package name="src">
      <metrics statements="3" coveredstatements="2" conditionals="0" coveredconditionals="0" methods="1" coveredmethods="0"/>
      <file name="App.js" path="/home/ad.rapidops.com/priyanka.parekh/Documents/vscode/React/form_task/src/App.js">
        <metrics statements="1" coveredstatements="0" conditionals="0" coveredconditionals="0" methods="1" coveredmethods="0"/>
        <line num="7" count="0" type="stmt"/>
      </file>
      <file name="index.js" path="/home/ad.rapidops.com/priyanka.parekh/Documents/vscode/React/form_task/src/index.js">
        <metrics statements="2" coveredstatements="2" conditionals="0" coveredconditionals="0" methods="0" coveredmethods="0"/>
        <line num="8" count="1" type="stmt"/>
        <line num="9" count="1" type="stmt"/>
      </file>
    </package>
    <package name="src.components.details">
      <metrics statements="18" coveredstatements="16" conditionals="8" coveredconditionals="6" methods="6" coveredmethods="6"/>
      <file name="details.jsx" path="/home/ad.rapidops.com/priyanka.parekh/Documents/vscode/React/form_task/src/components/details/details.jsx">
        <metrics statements="18" coveredstatements="16" conditionals="8" coveredconditionals="6" methods="6" coveredmethods="6"/>
        <line num="6" count="10" type="stmt"/>
        <line num="8" count="10" type="stmt"/>
        <line num="9" count="4" type="stmt"/>
        <line num="10" count="4" type="cond" truecount="2" falsecount="0"/>
        <line num="11" count="4" type="cond" truecount="1" falsecount="1"/>
        <line num="12" count="4" type="cond" truecount="1" falsecount="1"/>
        <line num="13" count="0" type="stmt"/>
        <line num="15" count="4" type="stmt"/>
        <line num="17" count="4" type="stmt"/>
        <line num="19" count="0" type="stmt"/>
        <line num="23" count="10" type="stmt"/>
        <line num="26" count="1" type="stmt"/>
        <line num="27" count="1" type="stmt"/>
        <line num="28" count="1" type="stmt"/>
        <line num="32" count="1" type="stmt"/>
        <line num="35" count="10" type="stmt"/>
        <line num="45" count="30" type="stmt"/>
        <line num="49" count="45" type="stmt"/>
      </file>
      <file name="index.js" path="/home/ad.rapidops.com/priyanka.parekh/Documents/vscode/React/form_task/src/components/details/index.js">
        <metrics statements="0" coveredstatements="0" conditionals="0" coveredconditionals="0" methods="0" coveredmethods="0"/>
      </file>
    </package>
    <package name="src.components.dynamic-form">
      <metrics statements="16" coveredstatements="12" conditionals="30" coveredconditionals="28" methods="13" coveredmethods="8"/>
      <file name="dynamic-form.jsx" path="/home/ad.rapidops.com/priyanka.parekh/Documents/vscode/React/form_task/src/components/dynamic-form/dynamic-form.jsx">
        <metrics statements="16" coveredstatements="12" conditionals="30" coveredconditionals="28" methods="13" coveredmethods="8"/>
        <line num="3" count="2" type="stmt"/>
        <line num="4" count="56" type="stmt"/>
        <line num="21" count="1" type="stmt"/>
        <line num="40" count="0" type="stmt"/>
        <line num="49" count="6" type="stmt"/>
        <line num="69" count="18" type="stmt"/>
        <line num="78" count="2" type="stmt"/>
        <line num="79" count="2" type="stmt"/>
        <line num="80" count="2" type="cond" truecount="2" falsecount="0"/>
        <line num="82" count="2" type="cond" truecount="2" falsecount="0"/>
        <line num="84" count="0" type="stmt"/>
        <line num="86" count="2" type="stmt"/>
        <line num="113" count="0" type="stmt"/>
        <line num="132" count="9" type="stmt"/>
        <line num="141" count="0" type="stmt"/>
        <line num="171" count="7" type="stmt"/>
      </file>
      <file name="index.js" path="/home/ad.rapidops.com/priyanka.parekh/Documents/vscode/React/form_task/src/components/dynamic-form/index.js">
        <metrics statements="0" coveredstatements="0" conditionals="0" coveredconditionals="0" methods="0" coveredmethods="0"/>
      </file>
    </package>
    <package name="src.components.home">
      <metrics statements="78" coveredstatements="60" conditionals="53" coveredconditionals="35" methods="19" coveredmethods="18"/>
      <file name="home.jsx" path="/home/ad.rapidops.com/priyanka.parekh/Documents/vscode/React/form_task/src/components/home/home.jsx">
        <metrics statements="78" coveredstatements="60" conditionals="53" coveredconditionals="35" methods="19" coveredmethods="18"/>
        <line num="10" count="30" type="stmt"/>
        <line num="11" count="30" type="stmt"/>
        <line num="12" count="30" type="stmt"/>
        <line num="13" count="30" type="stmt"/>
        <line num="14" count="30" type="stmt"/>
        <line num="16" count="30" type="stmt"/>
        <line num="18" count="10" type="cond" truecount="2" falsecount="0"/>
        <line num="19" count="10" type="stmt"/>
        <line num="20" count="10" type="cond" truecount="4" falsecount="1"/>
        <line num="21" count="0" type="stmt"/>
        <line num="22" count="0" type="stmt"/>
        <line num="24" count="10" type="stmt"/>
        <line num="25" count="10" type="cond" truecount="2" falsecount="0"/>
        <line num="26" count="1" type="stmt"/>
        <line num="28" count="9" type="stmt"/>
        <line num="30" count="10" type="cond" truecount="2" falsecount="0"/>
        <line num="32" count="10" type="stmt"/>
        <line num="33" count="10" type="cond" truecount="2" falsecount="0"/>
        <line num="34" count="10" type="cond" truecount="1" falsecount="1"/>
        <line num="35" count="0" type="stmt"/>
        <line num="40" count="30" type="stmt"/>
        <line num="43" count="10" type="cond" truecount="4" falsecount="1"/>
        <line num="45" count="10" type="stmt"/>
        <line num="46" count="10" type="stmt"/>
        <line num="48" count="10" type="cond" truecount="1" falsecount="1"/>
        <line num="50" count="10" type="stmt"/>
        <line num="51" count="20" type="cond" truecount="1" falsecount="1"/>
        <line num="52" count="20" type="stmt"/>
        <line num="56" count="10" type="stmt"/>
        <line num="63" count="10" type="stmt"/>
        <line num="66" count="30" type="stmt"/>
        <line num="67" count="12" type="cond" truecount="2" falsecount="4"/>
        <line num="70" count="12" type="stmt"/>
        <line num="72" count="0" type="stmt"/>
        <line num="74" count="0" type="stmt"/>
        <line num="76" count="0" type="stmt"/>
        <line num="78" count="0" type="stmt"/>
        <line num="82" count="30" type="stmt"/>
        <line num="83" count="6" type="stmt"/>
        <line num="84" count="6" type="stmt"/>
        <line num="85" count="6" type="stmt"/>
        <line num="86" count="6" type="stmt"/>
        <line num="88" count="6" type="stmt"/>
        <line num="89" count="12" type="stmt"/>
        <line num="90" count="12" type="cond" truecount="1" falsecount="1"/>
        <line num="91" count="12" type="cond" truecount="1" falsecount="1"/>
        <line num="92" count="0" type="stmt"/>
        <line num="93" count="0" type="stmt"/>
        <line num="95" count="12" type="stmt"/>
        <line num="101" count="6" type="stmt"/>
        <line num="103" count="12" type="stmt"/>
        <line num="104" count="6" type="stmt"/>
        <line num="105" count="12" type="cond" truecount="1" falsecount="1"/>
        <line num="106" count="0" type="stmt"/>
        <line num="107" count="0" type="stmt"/>
        <line num="111" count="6" type="cond" truecount="1" falsecount="1"/>
        <line num="112" count="6" type="cond" truecount="1" falsecount="1"/>
        <line num="113" count="6" type="stmt"/>
        <line num="115" count="0" type="stmt"/>
        <line num="116" count="0" type="stmt"/>
        <line num="117" count="0" type="stmt"/>
        <line num="119" count="6" type="stmt"/>
        <line num="124" count="0" type="stmt"/>
        <line num="125" count="0" type="stmt"/>
        <line num="130" count="30" type="stmt"/>
        <line num="131" count="4" type="stmt"/>
        <line num="135" count="4" type="stmt"/>
        <line num="141" count="30" type="stmt"/>
        <line num="142" count="20" type="cond" truecount="1" falsecount="1"/>
        <line num="143" count="20" type="stmt"/>
        <line num="144" count="20" type="stmt"/>
        <line num="146" count="20" type="stmt"/>
        <line num="147" count="34" type="stmt"/>
        <line num="160" count="30" type="stmt"/>
        <line num="161" count="30" type="stmt"/>
        <line num="162" count="0" type="cond" truecount="0" falsecount="2"/>
        <line num="163" count="0" type="stmt"/>
        <line num="167" count="30" type="stmt"/>
      </file>
      <file name="index.js" path="/home/ad.rapidops.com/priyanka.parekh/Documents/vscode/React/form_task/src/components/home/index.js">
        <metrics statements="0" coveredstatements="0" conditionals="0" coveredconditionals="0" methods="0" coveredmethods="0"/>
      </file>
    </package>
    <package name="src.components.progressbar">
      <metrics statements="1" coveredstatements="1" conditionals="0" coveredconditionals="0" methods="1" coveredmethods="1"/>
      <file name="index.js" path="/home/ad.rapidops.com/priyanka.parekh/Documents/vscode/React/form_task/src/components/progressbar/index.js">
        <metrics statements="0" coveredstatements="0" conditionals="0" coveredconditionals="0" methods="0" coveredmethods="0"/>
      </file>
      <file name="progressbar.jsx" path="/home/ad.rapidops.com/priyanka.parekh/Documents/vscode/React/form_task/src/components/progressbar/progressbar.jsx">
        <metrics statements="1" coveredstatements="1" conditionals="0" coveredconditionals="0" methods="1" coveredmethods="1"/>
        <line num="4" count="24" type="stmt"/>
      </file>
    </package>
    <package name="src.components.stepscomponent">
      <metrics statements="9" coveredstatements="9" conditionals="8" coveredconditionals="8" methods="5" coveredmethods="5"/>
      <file name="index.js" path="/home/ad.rapidops.com/priyanka.parekh/Documents/vscode/React/form_task/src/components/stepscomponent/index.js">
        <metrics statements="0" coveredstatements="0" conditionals="0" coveredconditionals="0" methods="0" coveredmethods="0"/>
      </file>
      <file name="steps-component.jsx" path="/home/ad.rapidops.com/priyanka.parekh/Documents/vscode/React/form_task/src/components/stepscomponent/steps-component.jsx">
        <metrics statements="9" coveredstatements="9" conditionals="8" coveredconditionals="8" methods="5" coveredmethods="5"/>
        <line num="4" count="143" type="stmt"/>
        <line num="6" count="21" type="stmt"/>
        <line num="8" count="113" type="cond" truecount="2" falsecount="0"/>
        <line num="9" count="21" type="stmt"/>
        <line num="11" count="92" type="stmt"/>
        <line num="12" count="92" type="stmt"/>
        <line num="13" count="112" type="stmt"/>
        <line num="16" count="21" type="stmt"/>
        <line num="20" count="143" type="stmt"/>
      </file>
    </package>
    <package name="src.components.thankyou">
      <metrics statements="9" coveredstatements="9" conditionals="4" coveredconditionals="4" methods="3" coveredmethods="3"/>
      <file name="index.js" path="/home/ad.rapidops.com/priyanka.parekh/Documents/vscode/React/form_task/src/components/thankyou/index.js">
        <metrics statements="0" coveredstatements="0" conditionals="0" coveredconditionals="0" methods="0" coveredmethods="0"/>
      </file>
      <file name="thankyou.jsx" path="/home/ad.rapidops.com/priyanka.parekh/Documents/vscode/React/form_task/src/components/thankyou/thankyou.jsx">
        <metrics statements="9" coveredstatements="9" conditionals="4" coveredconditionals="4" methods="3" coveredmethods="3"/>
        <line num="5" count="4" type="stmt"/>
        <line num="8" count="1" type="stmt"/>
        <line num="9" count="1" type="stmt"/>
        <line num="10" count="1" type="stmt"/>
        <line num="13" count="4" type="stmt"/>
        <line num="14" count="4" type="cond" truecount="2" falsecount="0"/>
        <line num="15" count="4" type="cond" truecount="2" falsecount="0"/>
        <line num="16" count="1" type="stmt"/>
        <line num="20" count="4" type="stmt"/>
      </file>
    </package>
    <package name="src.utils">
      <metrics statements="1" coveredstatements="1" conditionals="0" coveredconditionals="0" methods="0" coveredmethods="0"/>
      <file name="obj.js" path="/home/ad.rapidops.com/priyanka.parekh/Documents/vscode/React/form_task/src/utils/obj.js">
        <metrics statements="1" coveredstatements="1" conditionals="0" coveredconditionals="0" methods="0" coveredmethods="0"/>
        <line num="1" count="3" type="stmt"/>
      </file>
    </package>
  </project>
</coverage>
