{"/home/ad.rapidops.com/priyanka.parekh/Documents/vscode/React/form_task/src/App.js": {"path":"/home/ad.rapidops.com/priyanka.parekh/Documents/vscode/React/form_task/src/App.js","statementMap":{"0":{"start":{"line":7,"column":2},"end":{"line":17,"column":4}}},"fnMap":{"0":{"name":"App","decl":{"start":{"line":6,"column":9},"end":{"line":6,"column":12}},"loc":{"start":{"line":6,"column":15},"end":{"line":18,"column":1}},"line":6}},"branchMap":{},"s":{"0":0},"f":{"0":0},"b":{}}
,"/home/ad.rapidops.com/priyanka.parekh/Documents/vscode/React/form_task/src/index.js": {"path":"/home/ad.rapidops.com/priyanka.parekh/Documents/vscode/React/form_task/src/index.js","statementMap":{"0":{"start":{"line":8,"column":13},"end":{"line":8,"column":65}},"1":{"start":{"line":9,"column":0},"end":{"line":14,"column":2}}},"fnMap":{},"branchMap":{},"s":{"0":1,"1":1},"f":{},"b":{},"_coverageSchema":"1a1c01bbd47fc00a2c39e90264f33305004495a9","hash":"ef1e60cebbd4c6fbe34920f62c44de500af3fc15"}
,"/home/ad.rapidops.com/priyanka.parekh/Documents/vscode/React/form_task/src/components/details/details.jsx": {"path":"/home/ad.rapidops.com/priyanka.parekh/Documents/vscode/React/form_task/src/components/details/details.jsx","statementMap":{"0":{"start":{"line":6,"column":34},"end":{"line":6,"column":48}},"1":{"start":{"line":8,"column":2},"end":{"line":21,"column":9}},"2":{"start":{"line":9,"column":4},"end":{"line":20,"column":5}},"3":{"start":{"line":10,"column":28},"end":{"line":10,"column":78}},"4":{"start":{"line":11,"column":28},"end":{"line":11,"column":86}},"5":{"start":{"line":12,"column":6},"end":{"line":16,"column":7}},"6":{"start":{"line":13,"column":8},"end":{"line":13,"column":22}},"7":{"start":{"line":15,"column":8},"end":{"line":15,"column":29}},"8":{"start":{"line":17,"column":6},"end":{"line":17,"column":43}},"9":{"start":{"line":19,"column":6},"end":{"line":19,"column":56}},"10":{"start":{"line":23,"column":17},"end":{"line":23,"column":30}},"11":{"start":{"line":26,"column":4},"end":{"line":26,"column":40}},"12":{"start":{"line":27,"column":4},"end":{"line":27,"column":45}},"13":{"start":{"line":28,"column":4},"end":{"line":28,"column":18}},"14":{"start":{"line":32,"column":4},"end":{"line":32,"column":26}},"15":{"start":{"line":35,"column":2},"end":{"line":72,"column":4}},"16":{"start":{"line":45,"column":14},"end":{"line":55,"column":20}},"17":{"start":{"line":49,"column":20},"end":{"line":52,"column":25}}},"fnMap":{"0":{"name":"Details","decl":{"start":{"line":5,"column":9},"end":{"line":5,"column":16}},"loc":{"start":{"line":5,"column":19},"end":{"line":73,"column":1}},"line":5},"1":{"name":"(anonymous_1)","decl":{"start":{"line":8,"column":12},"end":{"line":8,"column":13}},"loc":{"start":{"line":8,"column":18},"end":{"line":21,"column":3}},"line":8},"2":{"name":"handleClick","decl":{"start":{"line":25,"column":11},"end":{"line":25,"column":22}},"loc":{"start":{"line":25,"column":25},"end":{"line":29,"column":3}},"line":25},"3":{"name":"handleBack","decl":{"start":{"line":31,"column":11},"end":{"line":31,"column":21}},"loc":{"start":{"line":31,"column":24},"end":{"line":33,"column":3}},"line":31},"4":{"name":"(anonymous_4)","decl":{"start":{"line":41,"column":12},"end":{"line":41,"column":13}},"loc":{"start":{"line":45,"column":14},"end":{"line":55,"column":20}},"line":45},"5":{"name":"(anonymous_5)","decl":{"start":{"line":48,"column":48},"end":{"line":48,"column":49}},"loc":{"start":{"line":49,"column":20},"end":{"line":52,"column":25}},"line":49}},"branchMap":{"0":{"loc":{"start":{"line":10,"column":28},"end":{"line":10,"column":78}},"type":"binary-expr","locations":[{"start":{"line":10,"column":28},"end":{"line":10,"column":72}},{"start":{"line":10,"column":76},"end":{"line":10,"column":78}}],"line":10},"1":{"loc":{"start":{"line":11,"column":28},"end":{"line":11,"column":86}},"type":"binary-expr","locations":[{"start":{"line":11,"column":28},"end":{"line":11,"column":77}},{"start":{"line":11,"column":81},"end":{"line":11,"column":86}}],"line":11},"2":{"loc":{"start":{"line":12,"column":6},"end":{"line":16,"column":7}},"type":"if","locations":[{"start":{"line":12,"column":6},"end":{"line":16,"column":7}},{"start":{"line":14,"column":12},"end":{"line":16,"column":7}}],"line":12},"3":{"loc":{"start":{"line":39,"column":9},"end":{"line":60,"column":9}},"type":"cond-expr","locations":[{"start":{"line":40,"column":10},"end":{"line":57,"column":11}},{"start":{"line":59,"column":10},"end":{"line":59,"column":60}}],"line":39}},"s":{"0":10,"1":10,"2":4,"3":4,"4":4,"5":4,"6":0,"7":4,"8":4,"9":0,"10":10,"11":1,"12":1,"13":1,"14":1,"15":10,"16":30,"17":45},"f":{"0":10,"1":4,"2":1,"3":1,"4":30,"5":45},"b":{"0":[4,1],"1":[4,0],"2":[0,4],"3":[5,5]},"_coverageSchema":"1a1c01bbd47fc00a2c39e90264f33305004495a9","hash":"9411edbfd01459b22042ba2d5a344e943065dc50"}
,"/home/ad.rapidops.com/priyanka.parekh/Documents/vscode/React/form_task/src/components/details/index.js": {"path":"/home/ad.rapidops.com/priyanka.parekh/Documents/vscode/React/form_task/src/components/details/index.js","statementMap":{},"fnMap":{},"branchMap":{},"s":{},"f":{},"b":{}}
,"/home/ad.rapidops.com/priyanka.parekh/Documents/vscode/React/form_task/src/components/dynamic-form/dynamic-form.jsx": {"path":"/home/ad.rapidops.com/priyanka.parekh/Documents/vscode/React/form_task/src/components/dynamic-form/dynamic-form.jsx","statementMap":{"0":{"start":{"line":3,"column":20},"end":{"line":180,"column":1}},"1":{"start":{"line":4,"column":2},"end":{"line":179,"column":4}},"2":{"start":{"line":21,"column":29},"end":{"line":21,"column":75}},"3":{"start":{"line":40,"column":12},"end":{"line":43,"column":15}},"4":{"start":{"line":40,"column":35},"end":{"line":43,"column":13}},"5":{"start":{"line":49,"column":12},"end":{"line":51,"column":21}},"6":{"start":{"line":69,"column":14},"end":{"line":102,"column":20}},"7":{"start":{"line":78,"column":20},"end":{"line":90,"column":22}},"8":{"start":{"line":79,"column":40},"end":{"line":79,"column":56}},"9":{"start":{"line":80,"column":43},"end":{"line":80,"column":70}},"10":{"start":{"line":82,"column":43},"end":{"line":84,"column":72}},"11":{"start":{"line":84,"column":56},"end":{"line":84,"column":71}},"12":{"start":{"line":86,"column":22},"end":{"line":89,"column":24}},"13":{"start":{"line":113,"column":18},"end":{"line":113,"column":64}},"14":{"start":{"line":132,"column":10},"end":{"line":150,"column":16}},"15":{"start":{"line":141,"column":16},"end":{"line":141,"column":62}},"16":{"start":{"line":171,"column":27},"end":{"line":171,"column":73}}},"fnMap":{"0":{"name":"(anonymous_0)","decl":{"start":{"line":3,"column":20},"end":{"line":3,"column":21}},"loc":{"start":{"line":3,"column":74},"end":{"line":180,"column":1}},"line":3},"1":{"name":"(anonymous_1)","decl":{"start":{"line":21,"column":22},"end":{"line":21,"column":23}},"loc":{"start":{"line":21,"column":29},"end":{"line":21,"column":75}},"line":21},"2":{"name":"(anonymous_2)","decl":{"start":{"line":39,"column":20},"end":{"line":39,"column":21}},"loc":{"start":{"line":40,"column":12},"end":{"line":43,"column":15}},"line":40},"3":{"name":"(anonymous_3)","decl":{"start":{"line":40,"column":20},"end":{"line":40,"column":21}},"loc":{"start":{"line":40,"column":35},"end":{"line":43,"column":13}},"line":40},"4":{"name":"(anonymous_4)","decl":{"start":{"line":48,"column":31},"end":{"line":48,"column":32}},"loc":{"start":{"line":49,"column":12},"end":{"line":51,"column":21}},"line":49},"5":{"name":"(anonymous_5)","decl":{"start":{"line":68,"column":32},"end":{"line":68,"column":33}},"loc":{"start":{"line":69,"column":14},"end":{"line":102,"column":20}},"line":69},"6":{"name":"(anonymous_6)","decl":{"start":{"line":77,"column":28},"end":{"line":77,"column":29}},"loc":{"start":{"line":78,"column":20},"end":{"line":90,"column":22}},"line":78},"7":{"name":"(anonymous_7)","decl":{"start":{"line":78,"column":28},"end":{"line":78,"column":29}},"loc":{"start":{"line":78,"column":42},"end":{"line":90,"column":21}},"line":78},"8":{"name":"(anonymous_8)","decl":{"start":{"line":84,"column":46},"end":{"line":84,"column":47}},"loc":{"start":{"line":84,"column":56},"end":{"line":84,"column":71}},"line":84},"9":{"name":"(anonymous_9)","decl":{"start":{"line":112,"column":26},"end":{"line":112,"column":27}},"loc":{"start":{"line":113,"column":18},"end":{"line":113,"column":64}},"line":113},"10":{"name":"(anonymous_10)","decl":{"start":{"line":131,"column":29},"end":{"line":131,"column":30}},"loc":{"start":{"line":132,"column":10},"end":{"line":150,"column":16}},"line":132},"11":{"name":"(anonymous_11)","decl":{"start":{"line":140,"column":24},"end":{"line":140,"column":25}},"loc":{"start":{"line":141,"column":16},"end":{"line":141,"column":62}},"line":141},"12":{"name":"(anonymous_12)","decl":{"start":{"line":171,"column":20},"end":{"line":171,"column":21}},"loc":{"start":{"line":171,"column":27},"end":{"line":171,"column":73}},"line":171}},"branchMap":{"0":{"loc":{"start":{"line":6,"column":5},"end":{"line":177,"column":5}},"type":"cond-expr","locations":[{"start":{"line":7,"column":6},"end":{"line":26,"column":11}},{"start":{"line":27,"column":10},"end":{"line":177,"column":5}}],"line":6},"1":{"loc":{"start":{"line":23,"column":11},"end":{"line":25,"column":11}},"type":"binary-expr","locations":[{"start":{"line":23,"column":11},"end":{"line":23,"column":27}},{"start":{"line":24,"column":12},"end":{"line":24,"column":65}}],"line":23},"2":{"loc":{"start":{"line":27,"column":10},"end":{"line":177,"column":5}},"type":"cond-expr","locations":[{"start":{"line":28,"column":8},"end":{"line":57,"column":9}},{"start":{"line":58,"column":8},"end":{"line":177,"column":5}}],"line":27},"3":{"loc":{"start":{"line":54,"column":9},"end":{"line":56,"column":9}},"type":"binary-expr","locations":[{"start":{"line":54,"column":9},"end":{"line":54,"column":25}},{"start":{"line":55,"column":10},"end":{"line":55,"column":95}}],"line":54},"4":{"loc":{"start":{"line":58,"column":8},"end":{"line":177,"column":5}},"type":"cond-expr","locations":[{"start":{"line":59,"column":6},"end":{"line":122,"column":12}},{"start":{"line":123,"column":8},"end":{"line":177,"column":5}}],"line":58},"5":{"loc":{"start":{"line":67,"column":11},"end":{"line":120,"column":11}},"type":"cond-expr","locations":[{"start":{"line":68,"column":12},"end":{"line":103,"column":14}},{"start":{"line":105,"column":12},"end":{"line":119,"column":18}}],"line":67},"6":{"loc":{"start":{"line":67,"column":11},"end":{"line":67,"column":57}},"type":"binary-expr","locations":[{"start":{"line":67,"column":11},"end":{"line":67,"column":25}},{"start":{"line":67,"column":29},"end":{"line":67,"column":57}}],"line":67},"7":{"loc":{"start":{"line":80,"column":43},"end":{"line":80,"column":70}},"type":"binary-expr","locations":[{"start":{"line":80,"column":43},"end":{"line":80,"column":64}},{"start":{"line":80,"column":68},"end":{"line":80,"column":70}}],"line":80},"8":{"loc":{"start":{"line":82,"column":43},"end":{"line":84,"column":72}},"type":"cond-expr","locations":[{"start":{"line":83,"column":26},"end":{"line":83,"column":51}},{"start":{"line":84,"column":26},"end":{"line":84,"column":72}}],"line":82},"9":{"loc":{"start":{"line":99,"column":17},"end":{"line":101,"column":17}},"type":"binary-expr","locations":[{"start":{"line":99,"column":17},"end":{"line":99,"column":33}},{"start":{"line":100,"column":18},"end":{"line":100,"column":103}}],"line":99},"10":{"loc":{"start":{"line":111,"column":25},"end":{"line":111,"column":51}},"type":"binary-expr","locations":[{"start":{"line":111,"column":25},"end":{"line":111,"column":42}},{"start":{"line":111,"column":46},"end":{"line":111,"column":51}}],"line":111},"11":{"loc":{"start":{"line":116,"column":15},"end":{"line":118,"column":15}},"type":"binary-expr","locations":[{"start":{"line":116,"column":15},"end":{"line":116,"column":31}},{"start":{"line":117,"column":16},"end":{"line":117,"column":103}}],"line":116},"12":{"loc":{"start":{"line":123,"column":8},"end":{"line":177,"column":5}},"type":"cond-expr","locations":[{"start":{"line":124,"column":6},"end":{"line":155,"column":12}},{"start":{"line":157,"column":6},"end":{"line":176,"column":9}}],"line":123},"13":{"loc":{"start":{"line":152,"column":9},"end":{"line":154,"column":9}},"type":"binary-expr","locations":[{"start":{"line":152,"column":9},"end":{"line":152,"column":25}},{"start":{"line":153,"column":10},"end":{"line":153,"column":94}}],"line":152},"14":{"loc":{"start":{"line":173,"column":9},"end":{"line":175,"column":9}},"type":"binary-expr","locations":[{"start":{"line":173,"column":9},"end":{"line":173,"column":25}},{"start":{"line":174,"column":10},"end":{"line":174,"column":63}}],"line":173}},"s":{"0":2,"1":56,"2":1,"3":0,"4":0,"5":6,"6":18,"7":2,"8":2,"9":2,"10":2,"11":0,"12":2,"13":0,"14":9,"15":0,"16":7},"f":{"0":56,"1":1,"2":0,"3":0,"4":6,"5":18,"6":2,"7":2,"8":0,"9":0,"10":9,"11":0,"12":7},"b":{"0":[8,48],"1":[8,0],"2":[2,46],"3":[2,0],"4":[10,36],"5":[6,4],"6":[10,6],"7":[2,2],"8":[1,1],"9":[18,3],"10":[4,4],"11":[4,1],"12":[3,33],"13":[3,1],"14":[33,1]},"_coverageSchema":"1a1c01bbd47fc00a2c39e90264f33305004495a9","hash":"7a183308b328e3f18c9ed0a0310d45289c3d34a5"}
,"/home/ad.rapidops.com/priyanka.parekh/Documents/vscode/React/form_task/src/components/dynamic-form/index.js": {"path":"/home/ad.rapidops.com/priyanka.parekh/Documents/vscode/React/form_task/src/components/dynamic-form/index.js","statementMap":{},"fnMap":{},"branchMap":{},"s":{},"f":{},"b":{},"_coverageSchema":"1a1c01bbd47fc00a2c39e90264f33305004495a9","hash":"5d2b9bd09ea2ea6e2febdd00d4b1789548bee916"}
,"/home/ad.rapidops.com/priyanka.parekh/Documents/vscode/React/form_task/src/components/home/home.jsx": {"path":"/home/ad.rapidops.com/priyanka.parekh/Documents/vscode/React/form_task/src/components/home/home.jsx","statementMap":{"0":{"start":{"line":10,"column":40},"end":{"line":10,"column":51}},"1":{"start":{"line":11,"column":30},"end":{"line":11,"column":44}},"2":{"start":{"line":12,"column":24},"end":{"line":12,"column":36}},"3":{"start":{"line":13,"column":26},"end":{"line":13,"column":38}},"4":{"start":{"line":14,"column":19},"end":{"line":14,"column":32}},"5":{"start":{"line":16,"column":2},"end":{"line":37,"column":9}},"6":{"start":{"line":18,"column":24},"end":{"line":18,"column":74}},"7":{"start":{"line":19,"column":6},"end":{"line":19,"column":29}},"8":{"start":{"line":20,"column":6},"end":{"line":23,"column":7}},"9":{"start":{"line":21,"column":8},"end":{"line":21,"column":24}},"10":{"start":{"line":22,"column":8},"end":{"line":22,"column":15}},"11":{"start":{"line":24,"column":6},"end":{"line":24,"column":21}},"12":{"start":{"line":25,"column":6},"end":{"line":29,"column":7}},"13":{"start":{"line":26,"column":8},"end":{"line":26,"column":46}},"14":{"start":{"line":28,"column":8},"end":{"line":28,"column":26}},"15":{"start":{"line":30,"column":6},"end":{"line":30,"column":40}},"16":{"start":{"line":32,"column":4},"end":{"line":32,"column":22}},"17":{"start":{"line":33,"column":26},"end":{"line":33,"column":70}},"18":{"start":{"line":34,"column":4},"end":{"line":36,"column":5}},"19":{"start":{"line":35,"column":6},"end":{"line":35,"column":28}},"20":{"start":{"line":40,"column":2},"end":{"line":64,"column":9}},"21":{"start":{"line":43,"column":6},"end":{"line":43,"column":67}},"22":{"start":{"line":43,"column":60},"end":{"line":43,"column":67}},"23":{"start":{"line":45,"column":30},"end":{"line":45,"column":32}},"24":{"start":{"line":46,"column":25},"end":{"line":46,"column":67}},"25":{"start":{"line":48,"column":6},"end":{"line":48,"column":30}},"26":{"start":{"line":48,"column":23},"end":{"line":48,"column":30}},"27":{"start":{"line":50,"column":6},"end":{"line":54,"column":9}},"28":{"start":{"line":51,"column":8},"end":{"line":53,"column":9}},"29":{"start":{"line":52,"column":10},"end":{"line":52,"column":62}},"30":{"start":{"line":56,"column":6},"end":{"line":59,"column":10}},"31":{"start":{"line":56,"column":27},"end":{"line":59,"column":7}},"32":{"start":{"line":63,"column":4},"end":{"line":63,"column":23}},"33":{"start":{"line":66,"column":24},"end":{"line":80,"column":3}},"34":{"start":{"line":67,"column":4},"end":{"line":79,"column":5}},"35":{"start":{"line":70,"column":8},"end":{"line":70,"column":42}},"36":{"start":{"line":72,"column":8},"end":{"line":72,"column":42}},"37":{"start":{"line":74,"column":8},"end":{"line":74,"column":79}},"38":{"start":{"line":76,"column":8},"end":{"line":76,"column":52}},"39":{"start":{"line":78,"column":8},"end":{"line":78,"column":20}},"40":{"start":{"line":82,"column":23},"end":{"line":127,"column":3}},"41":{"start":{"line":83,"column":4},"end":{"line":83,"column":23}},"42":{"start":{"line":84,"column":23},"end":{"line":84,"column":40}},"43":{"start":{"line":85,"column":22},"end":{"line":85,"column":24}},"44":{"start":{"line":86,"column":18},"end":{"line":86,"column":22}},"45":{"start":{"line":88,"column":4},"end":{"line":99,"column":7}},"46":{"start":{"line":89,"column":20},"end":{"line":89,"column":35}},"47":{"start":{"line":90,"column":27},"end":{"line":90,"column":75}},"48":{"start":{"line":91,"column":6},"end":{"line":94,"column":7}},"49":{"start":{"line":92,"column":8},"end":{"line":92,"column":36}},"50":{"start":{"line":93,"column":8},"end":{"line":93,"column":24}},"51":{"start":{"line":95,"column":6},"end":{"line":98,"column":10}},"52":{"start":{"line":95,"column":29},"end":{"line":98,"column":7}},"53":{"start":{"line":101,"column":27},"end":{"line":103,"column":40}},"54":{"start":{"line":103,"column":25},"end":{"line":103,"column":39}},"55":{"start":{"line":104,"column":4},"end":{"line":109,"column":7}},"56":{"start":{"line":105,"column":6},"end":{"line":108,"column":7}},"57":{"start":{"line":106,"column":8},"end":{"line":106,"column":38}},"58":{"start":{"line":107,"column":8},"end":{"line":107,"column":24}},"59":{"start":{"line":111,"column":4},"end":{"line":126,"column":5}},"60":{"start":{"line":112,"column":6},"end":{"line":118,"column":7}},"61":{"start":{"line":113,"column":8},"end":{"line":113,"column":40}},"62":{"start":{"line":115,"column":8},"end":{"line":115,"column":46}},"63":{"start":{"line":116,"column":8},"end":{"line":116,"column":54}},"64":{"start":{"line":117,"column":8},"end":{"line":117,"column":30}},"65":{"start":{"line":119,"column":6},"end":{"line":122,"column":8}},"66":{"start":{"line":124,"column":6},"end":{"line":124,"column":24}},"67":{"start":{"line":125,"column":6},"end":{"line":125,"column":28}},"68":{"start":{"line":130,"column":28},"end":{"line":139,"column":3}},"69":{"start":{"line":131,"column":4},"end":{"line":134,"column":8}},"70":{"start":{"line":131,"column":27},"end":{"line":134,"column":5}},"71":{"start":{"line":135,"column":4},"end":{"line":138,"column":8}},"72":{"start":{"line":135,"column":28},"end":{"line":138,"column":5}},"73":{"start":{"line":141,"column":29},"end":{"line":158,"column":3}},"74":{"start":{"line":142,"column":4},"end":{"line":142,"column":29}},"75":{"start":{"line":142,"column":17},"end":{"line":142,"column":29}},"76":{"start":{"line":143,"column":17},"end":{"line":143,"column":43}},"77":{"start":{"line":144,"column":19},"end":{"line":144,"column":45}},"78":{"start":{"line":146,"column":4},"end":{"line":157,"column":7}},"79":{"start":{"line":147,"column":6},"end":{"line":156,"column":8}},"80":{"start":{"line":160,"column":29},"end":{"line":160,"column":78}},"81":{"start":{"line":161,"column":27},"end":{"line":165,"column":3}},"82":{"start":{"line":162,"column":4},"end":{"line":164,"column":5}},"83":{"start":{"line":163,"column":6},"end":{"line":163,"column":38}},"84":{"start":{"line":167,"column":2},"end":{"line":225,"column":4}}},"fnMap":{"0":{"name":"Home","decl":{"start":{"line":9,"column":9},"end":{"line":9,"column":13}},"loc":{"start":{"line":9,"column":16},"end":{"line":226,"column":1}},"line":9},"1":{"name":"(anonymous_1)","decl":{"start":{"line":16,"column":12},"end":{"line":16,"column":13}},"loc":{"start":{"line":16,"column":18},"end":{"line":37,"column":3}},"line":16},"2":{"name":"fetchConfigData","decl":{"start":{"line":17,"column":19},"end":{"line":17,"column":34}},"loc":{"start":{"line":17,"column":37},"end":{"line":31,"column":5}},"line":17},"3":{"name":"(anonymous_3)","decl":{"start":{"line":40,"column":12},"end":{"line":40,"column":13}},"loc":{"start":{"line":40,"column":18},"end":{"line":64,"column":3}},"line":40},"4":{"name":"setDefaultValues","decl":{"start":{"line":42,"column":13},"end":{"line":42,"column":29}},"loc":{"start":{"line":42,"column":32},"end":{"line":60,"column":5}},"line":42},"5":{"name":"(anonymous_5)","decl":{"start":{"line":50,"column":25},"end":{"line":50,"column":26}},"loc":{"start":{"line":50,"column":36},"end":{"line":54,"column":7}},"line":50},"6":{"name":"(anonymous_6)","decl":{"start":{"line":56,"column":14},"end":{"line":56,"column":15}},"loc":{"start":{"line":56,"column":27},"end":{"line":59,"column":7}},"line":56},"7":{"name":"(anonymous_7)","decl":{"start":{"line":66,"column":24},"end":{"line":66,"column":25}},"loc":{"start":{"line":66,"column":46},"end":{"line":80,"column":3}},"line":66},"8":{"name":"(anonymous_8)","decl":{"start":{"line":82,"column":23},"end":{"line":82,"column":24}},"loc":{"start":{"line":82,"column":30},"end":{"line":127,"column":3}},"line":82},"9":{"name":"(anonymous_9)","decl":{"start":{"line":88,"column":24},"end":{"line":88,"column":25}},"loc":{"start":{"line":88,"column":39},"end":{"line":99,"column":5}},"line":88},"10":{"name":"(anonymous_10)","decl":{"start":{"line":95,"column":14},"end":{"line":95,"column":15}},"loc":{"start":{"line":95,"column":29},"end":{"line":98,"column":7}},"line":95},"11":{"name":"(anonymous_11)","decl":{"start":{"line":103,"column":14},"end":{"line":103,"column":15}},"loc":{"start":{"line":103,"column":25},"end":{"line":103,"column":39}},"line":103},"12":{"name":"(anonymous_12)","decl":{"start":{"line":104,"column":28},"end":{"line":104,"column":29}},"loc":{"start":{"line":104,"column":39},"end":{"line":109,"column":5}},"line":104},"13":{"name":"(anonymous_13)","decl":{"start":{"line":130,"column":28},"end":{"line":130,"column":29}},"loc":{"start":{"line":130,"column":50},"end":{"line":139,"column":3}},"line":130},"14":{"name":"(anonymous_14)","decl":{"start":{"line":131,"column":12},"end":{"line":131,"column":13}},"loc":{"start":{"line":131,"column":27},"end":{"line":134,"column":5}},"line":131},"15":{"name":"(anonymous_15)","decl":{"start":{"line":135,"column":11},"end":{"line":135,"column":12}},"loc":{"start":{"line":135,"column":28},"end":{"line":138,"column":5}},"line":135},"16":{"name":"(anonymous_16)","decl":{"start":{"line":141,"column":29},"end":{"line":141,"column":30}},"loc":{"start":{"line":141,"column":35},"end":{"line":158,"column":3}},"line":141},"17":{"name":"(anonymous_17)","decl":{"start":{"line":146,"column":23},"end":{"line":146,"column":24}},"loc":{"start":{"line":146,"column":41},"end":{"line":157,"column":5}},"line":146},"18":{"name":"(anonymous_18)","decl":{"start":{"line":161,"column":27},"end":{"line":161,"column":28}},"loc":{"start":{"line":161,"column":33},"end":{"line":165,"column":3}},"line":161}},"branchMap":{"0":{"loc":{"start":{"line":18,"column":24},"end":{"line":18,"column":74}},"type":"binary-expr","locations":[{"start":{"line":18,"column":24},"end":{"line":18,"column":68}},{"start":{"line":18,"column":72},"end":{"line":18,"column":74}}],"line":18},"1":{"loc":{"start":{"line":20,"column":6},"end":{"line":23,"column":7}},"type":"if","locations":[{"start":{"line":20,"column":6},"end":{"line":23,"column":7}},{"start":{},"end":{}}],"line":20},"2":{"loc":{"start":{"line":20,"column":10},"end":{"line":20,"column":68}},"type":"binary-expr","locations":[{"start":{"line":20,"column":10},"end":{"line":20,"column":14}},{"start":{"line":20,"column":18},"end":{"line":20,"column":35}},{"start":{"line":20,"column":39},"end":{"line":20,"column":68}}],"line":20},"3":{"loc":{"start":{"line":25,"column":6},"end":{"line":29,"column":7}},"type":"if","locations":[{"start":{"line":25,"column":6},"end":{"line":29,"column":7}},{"start":{"line":27,"column":13},"end":{"line":29,"column":7}}],"line":25},"4":{"loc":{"start":{"line":30,"column":14},"end":{"line":30,"column":38}},"type":"binary-expr","locations":[{"start":{"line":30,"column":14},"end":{"line":30,"column":32}},{"start":{"line":30,"column":36},"end":{"line":30,"column":38}}],"line":30},"5":{"loc":{"start":{"line":33,"column":26},"end":{"line":33,"column":70}},"type":"binary-expr","locations":[{"start":{"line":33,"column":26},"end":{"line":33,"column":63}},{"start":{"line":33,"column":65},"end":{"line":33,"column":70}}],"line":33},"6":{"loc":{"start":{"line":34,"column":4},"end":{"line":36,"column":5}},"type":"if","locations":[{"start":{"line":34,"column":4},"end":{"line":36,"column":5}},{"start":{},"end":{}}],"line":34},"7":{"loc":{"start":{"line":43,"column":6},"end":{"line":43,"column":67}},"type":"if","locations":[{"start":{"line":43,"column":6},"end":{"line":43,"column":67}},{"start":{},"end":{}}],"line":43},"8":{"loc":{"start":{"line":43,"column":10},"end":{"line":43,"column":58}},"type":"binary-expr","locations":[{"start":{"line":43,"column":10},"end":{"line":43,"column":14}},{"start":{"line":43,"column":18},"end":{"line":43,"column":30}},{"start":{"line":43,"column":34},"end":{"line":43,"column":58}}],"line":43},"9":{"loc":{"start":{"line":48,"column":6},"end":{"line":48,"column":30}},"type":"if","locations":[{"start":{"line":48,"column":6},"end":{"line":48,"column":30}},{"start":{},"end":{}}],"line":48},"10":{"loc":{"start":{"line":51,"column":8},"end":{"line":53,"column":9}},"type":"if","locations":[{"start":{"line":51,"column":8},"end":{"line":53,"column":9}},{"start":{},"end":{}}],"line":51},"11":{"loc":{"start":{"line":67,"column":4},"end":{"line":79,"column":5}},"type":"switch","locations":[{"start":{"line":68,"column":6},"end":{"line":68,"column":23}},{"start":{"line":69,"column":6},"end":{"line":70,"column":42}},{"start":{"line":71,"column":6},"end":{"line":72,"column":42}},{"start":{"line":73,"column":6},"end":{"line":74,"column":79}},{"start":{"line":75,"column":6},"end":{"line":76,"column":52}},{"start":{"line":77,"column":6},"end":{"line":78,"column":20}}],"line":67},"12":{"loc":{"start":{"line":90,"column":27},"end":{"line":90,"column":75}},"type":"cond-expr","locations":[{"start":{"line":90,"column":55},"end":{"line":90,"column":67}},{"start":{"line":90,"column":70},"end":{"line":90,"column":75}}],"line":90},"13":{"loc":{"start":{"line":91,"column":6},"end":{"line":94,"column":7}},"type":"if","locations":[{"start":{"line":91,"column":6},"end":{"line":94,"column":7}},{"start":{},"end":{}}],"line":91},"14":{"loc":{"start":{"line":105,"column":6},"end":{"line":108,"column":7}},"type":"if","locations":[{"start":{"line":105,"column":6},"end":{"line":108,"column":7}},{"start":{},"end":{}}],"line":105},"15":{"loc":{"start":{"line":111,"column":4},"end":{"line":126,"column":5}},"type":"if","locations":[{"start":{"line":111,"column":4},"end":{"line":126,"column":5}},{"start":{"line":123,"column":11},"end":{"line":126,"column":5}}],"line":111},"16":{"loc":{"start":{"line":112,"column":6},"end":{"line":118,"column":7}},"type":"if","locations":[{"start":{"line":112,"column":6},"end":{"line":118,"column":7}},{"start":{"line":114,"column":13},"end":{"line":118,"column":7}}],"line":112},"17":{"loc":{"start":{"line":142,"column":4},"end":{"line":142,"column":29}},"type":"if","locations":[{"start":{"line":142,"column":4},"end":{"line":142,"column":29}},{"start":{},"end":{}}],"line":142},"18":{"loc":{"start":{"line":162,"column":4},"end":{"line":164,"column":5}},"type":"if","locations":[{"start":{"line":162,"column":4},"end":{"line":164,"column":5}},{"start":{},"end":{}}],"line":162},"19":{"loc":{"start":{"line":170,"column":9},"end":{"line":176,"column":9}},"type":"binary-expr","locations":[{"start":{"line":170,"column":9},"end":{"line":170,"column":16}},{"start":{"line":171,"column":10},"end":{"line":175,"column":16}}],"line":170},"20":{"loc":{"start":{"line":177,"column":9},"end":{"line":222,"column":9}},"type":"binary-expr","locations":[{"start":{"line":177,"column":9},"end":{"line":177,"column":15}},{"start":{"line":177,"column":19},"end":{"line":177,"column":45}},{"start":{"line":178,"column":10},"end":{"line":221,"column":13}}],"line":177},"21":{"loc":{"start":{"line":202,"column":22},"end":{"line":204,"column":28}},"type":"cond-expr","locations":[{"start":{"line":203,"column":26},"end":{"line":203,"column":66}},{"start":{"line":204,"column":26},"end":{"line":204,"column":28}}],"line":202},"22":{"loc":{"start":{"line":214,"column":21},"end":{"line":216,"column":30}},"type":"cond-expr","locations":[{"start":{"line":215,"column":24},"end":{"line":215,"column":32}},{"start":{"line":216,"column":24},"end":{"line":216,"column":30}}],"line":214}},"s":{"0":30,"1":30,"2":30,"3":30,"4":30,"5":30,"6":10,"7":10,"8":10,"9":0,"10":0,"11":10,"12":10,"13":1,"14":9,"15":10,"16":10,"17":10,"18":10,"19":0,"20":30,"21":10,"22":0,"23":10,"24":10,"25":10,"26":0,"27":10,"28":20,"29":20,"30":10,"31":10,"32":10,"33":30,"34":12,"35":12,"36":0,"37":0,"38":0,"39":0,"40":30,"41":6,"42":6,"43":6,"44":6,"45":6,"46":12,"47":12,"48":12,"49":0,"50":0,"51":12,"52":12,"53":6,"54":12,"55":6,"56":12,"57":0,"58":0,"59":6,"60":6,"61":6,"62":0,"63":0,"64":0,"65":6,"66":0,"67":0,"68":30,"69":4,"70":4,"71":4,"72":4,"73":30,"74":20,"75":0,"76":20,"77":20,"78":20,"79":34,"80":30,"81":30,"82":0,"83":0,"84":30},"f":{"0":30,"1":10,"2":10,"3":10,"4":10,"5":20,"6":10,"7":12,"8":6,"9":12,"10":12,"11":12,"12":12,"13":4,"14":4,"15":4,"16":20,"17":34,"18":0},"b":{"0":[10,6],"1":[0,10],"2":[10,10,10],"3":[1,9],"4":[10,6],"5":[10,8],"6":[0,10],"7":[0,10],"8":[10,10,10],"9":[0,10],"10":[20,0],"11":[6,12,0,0,0,0],"12":[12,0],"13":[0,12],"14":[0,12],"15":[6,0],"16":[6,0],"17":[0,20],"18":[0,0],"19":[30,10],"20":[30,20,20],"21":[13,7],"22":[0,20]},"_coverageSchema":"1a1c01bbd47fc00a2c39e90264f33305004495a9","hash":"145c43544b34ad6fc733c9a42dd2aa087e2ee537"}
,"/home/ad.rapidops.com/priyanka.parekh/Documents/vscode/React/form_task/src/components/home/index.js": {"path":"/home/ad.rapidops.com/priyanka.parekh/Documents/vscode/React/form_task/src/components/home/index.js","statementMap":{},"fnMap":{},"branchMap":{},"s":{},"f":{},"b":{}}
,"/home/ad.rapidops.com/priyanka.parekh/Documents/vscode/React/form_task/src/components/progressbar/index.js": {"path":"/home/ad.rapidops.com/priyanka.parekh/Documents/vscode/React/form_task/src/components/progressbar/index.js","statementMap":{},"fnMap":{},"branchMap":{},"s":{},"f":{},"b":{},"_coverageSchema":"1a1c01bbd47fc00a2c39e90264f33305004495a9","hash":"6961fb75d3bc024fd5d1b4a3d0aedbca907acbae"}
,"/home/ad.rapidops.com/priyanka.parekh/Documents/vscode/React/form_task/src/components/progressbar/progressbar.jsx": {"path":"/home/ad.rapidops.com/priyanka.parekh/Documents/vscode/React/form_task/src/components/progressbar/progressbar.jsx","statementMap":{"0":{"start":{"line":4,"column":2},"end":{"line":13,"column":4}}},"fnMap":{"0":{"name":"ProgressBar","decl":{"start":{"line":3,"column":9},"end":{"line":3,"column":20}},"loc":{"start":{"line":3,"column":45},"end":{"line":14,"column":1}},"line":3}},"branchMap":{},"s":{"0":24},"f":{"0":24},"b":{},"_coverageSchema":"1a1c01bbd47fc00a2c39e90264f33305004495a9","hash":"53c9f7f262453b32cb0f14daec5fab00ae8a5119"}
,"/home/ad.rapidops.com/priyanka.parekh/Documents/vscode/React/form_task/src/components/stepscomponent/index.js": {"path":"/home/ad.rapidops.com/priyanka.parekh/Documents/vscode/React/form_task/src/components/stepscomponent/index.js","statementMap":{},"fnMap":{},"branchMap":{},"s":{},"f":{},"b":{},"_coverageSchema":"1a1c01bbd47fc00a2c39e90264f33305004495a9","hash":"e77a01f54351436b89dc7003253b3f482c8519fd"}
,"/home/ad.rapidops.com/priyanka.parekh/Documents/vscode/React/form_task/src/components/stepscomponent/steps-component.jsx": {"path":"/home/ad.rapidops.com/priyanka.parekh/Documents/vscode/React/form_task/src/components/stepscomponent/steps-component.jsx","statementMap":{"0":{"start":{"line":4,"column":16},"end":{"line":4,"column":67}},"1":{"start":{"line":4,"column":61},"end":{"line":4,"column":66}},"2":{"start":{"line":6,"column":25},"end":{"line":14,"column":3}},"3":{"start":{"line":8,"column":4},"end":{"line":10,"column":5}},"4":{"start":{"line":9,"column":6},"end":{"line":9,"column":19}},"5":{"start":{"line":11,"column":21},"end":{"line":11,"column":51}},"6":{"start":{"line":12,"column":19},"end":{"line":12,"column":43}},"7":{"start":{"line":13,"column":4},"end":{"line":13,"column":53}},"8":{"start":{"line":13,"column":36},"end":{"line":13,"column":51}},"9":{"start":{"line":16,"column":2},"end":{"line":78,"column":4}},"10":{"start":{"line":20,"column":10},"end":{"line":74,"column":16}}},"fnMap":{"0":{"name":"StepsComponent","decl":{"start":{"line":3,"column":9},"end":{"line":3,"column":23}},"loc":{"start":{"line":3,"column":61},"end":{"line":79,"column":1}},"line":3},"1":{"name":"(anonymous_1)","decl":{"start":{"line":4,"column":51},"end":{"line":4,"column":52}},"loc":{"start":{"line":4,"column":61},"end":{"line":4,"column":66}},"line":4},"2":{"name":"(anonymous_2)","decl":{"start":{"line":6,"column":25},"end":{"line":6,"column":26}},"loc":{"start":{"line":6,"column":40},"end":{"line":14,"column":3}},"line":6},"3":{"name":"(anonymous_3)","decl":{"start":{"line":13,"column":25},"end":{"line":13,"column":26}},"loc":{"start":{"line":13,"column":36},"end":{"line":13,"column":51}},"line":13},"4":{"name":"(anonymous_4)","decl":{"start":{"line":19,"column":20},"end":{"line":19,"column":21}},"loc":{"start":{"line":20,"column":10},"end":{"line":74,"column":16}},"line":20}},"branchMap":{"0":{"loc":{"start":{"line":8,"column":4},"end":{"line":10,"column":5}},"type":"if","locations":[{"start":{"line":8,"column":4},"end":{"line":10,"column":5}},{"start":{},"end":{}}],"line":8},"1":{"loc":{"start":{"line":21,"column":13},"end":{"line":73,"column":13}},"type":"cond-expr","locations":[{"start":{"line":22,"column":14},"end":{"line":34,"column":20}},{"start":{"line":35,"column":16},"end":{"line":73,"column":13}}],"line":21},"2":{"loc":{"start":{"line":35,"column":16},"end":{"line":73,"column":13}},"type":"cond-expr","locations":[{"start":{"line":36,"column":14},"end":{"line":52,"column":20}},{"start":{"line":54,"column":14},"end":{"line":72,"column":20}}],"line":35},"3":{"loc":{"start":{"line":69,"column":17},"end":{"line":70,"column":87}},"type":"cond-expr","locations":[{"start":{"line":70,"column":18},"end":{"line":70,"column":79}},{"start":{"line":70,"column":82},"end":{"line":70,"column":86}}],"line":69}},"s":{"0":21,"1":143,"2":21,"3":113,"4":21,"5":92,"6":92,"7":92,"8":112,"9":21,"10":143},"f":{"0":21,"1":143,"2":113,"3":112,"4":143},"b":{"0":[21,92],"1":[9,134],"2":[21,113],"3":[20,93]},"_coverageSchema":"1a1c01bbd47fc00a2c39e90264f33305004495a9","hash":"60aadd4613eb5bd90c3092d9bb784e91931d9855"}
,"/home/ad.rapidops.com/priyanka.parekh/Documents/vscode/React/form_task/src/components/thankyou/index.js": {"path":"/home/ad.rapidops.com/priyanka.parekh/Documents/vscode/React/form_task/src/components/thankyou/index.js","statementMap":{},"fnMap":{},"branchMap":{},"s":{},"f":{},"b":{}}
,"/home/ad.rapidops.com/priyanka.parekh/Documents/vscode/React/form_task/src/components/thankyou/thankyou.jsx": {"path":"/home/ad.rapidops.com/priyanka.parekh/Documents/vscode/React/form_task/src/components/thankyou/thankyou.jsx","statementMap":{"0":{"start":{"line":5,"column":19},"end":{"line":5,"column":32}},"1":{"start":{"line":8,"column":4},"end":{"line":8,"column":40}},"2":{"start":{"line":9,"column":4},"end":{"line":9,"column":45}},"3":{"start":{"line":10,"column":4},"end":{"line":10,"column":18}},"4":{"start":{"line":13,"column":2},"end":{"line":18,"column":17}},"5":{"start":{"line":14,"column":26},"end":{"line":14,"column":84}},"6":{"start":{"line":15,"column":6},"end":{"line":17,"column":7}},"7":{"start":{"line":16,"column":8},"end":{"line":16,"column":22}},"8":{"start":{"line":20,"column":2},"end":{"line":33,"column":4}}},"fnMap":{"0":{"name":"ThankYou","decl":{"start":{"line":4,"column":9},"end":{"line":4,"column":17}},"loc":{"start":{"line":4,"column":20},"end":{"line":34,"column":1}},"line":4},"1":{"name":"handleNavigate","decl":{"start":{"line":7,"column":11},"end":{"line":7,"column":25}},"loc":{"start":{"line":7,"column":28},"end":{"line":11,"column":3}},"line":7},"2":{"name":"(anonymous_2)","decl":{"start":{"line":13,"column":12},"end":{"line":13,"column":13}},"loc":{"start":{"line":13,"column":18},"end":{"line":18,"column":3}},"line":13}},"branchMap":{"0":{"loc":{"start":{"line":14,"column":26},"end":{"line":14,"column":84}},"type":"binary-expr","locations":[{"start":{"line":14,"column":26},"end":{"line":14,"column":75}},{"start":{"line":14,"column":79},"end":{"line":14,"column":84}}],"line":14},"1":{"loc":{"start":{"line":15,"column":6},"end":{"line":17,"column":7}},"type":"if","locations":[{"start":{"line":15,"column":6},"end":{"line":17,"column":7}},{"start":{},"end":{}}],"line":15}},"s":{"0":4,"1":1,"2":1,"3":1,"4":4,"5":4,"6":4,"7":1,"8":4},"f":{"0":4,"1":1,"2":4},"b":{"0":[4,1],"1":[1,3]},"_coverageSchema":"1a1c01bbd47fc00a2c39e90264f33305004495a9","hash":"e1f39977fca16c516e961e73d4112608aee3667b"}
,"/home/ad.rapidops.com/priyanka.parekh/Documents/vscode/React/form_task/src/utils/obj.js": {"path":"/home/ad.rapidops.com/priyanka.parekh/Documents/vscode/React/form_task/src/utils/obj.js","statementMap":{"0":{"start":{"line":1,"column":19},"end":{"line":133,"column":3}}},"fnMap":{},"branchMap":{},"s":{"0":3},"f":{},"b":{},"_coverageSchema":"1a1c01bbd47fc00a2c39e90264f33305004495a9","hash":"0d7f7fb922a7ab535b32a71635fb08489fe432bd"}
}
