TN:
SF:src/App.js
FN:6,App
FNF:1
FNH:0
FNDA:0,App
DA:7,0
LF:1
LH:0
BRF:0
BRH:0
end_of_record
TN:
SF:src/index.js
FNF:0
FNH:0
DA:8,1
DA:9,1
LF:2
LH:2
BRF:0
BRH:0
end_of_record
TN:
SF:src/components/details/details.jsx
FN:5,Details
FN:8,(anonymous_1)
FN:25,handleClick
FN:31,handleBack
FN:41,(anonymous_4)
FN:48,(anonymous_5)
FNF:6
FNH:6
FNDA:10,Details
FNDA:4,(anonymous_1)
FNDA:1,handleClick
FNDA:1,handleBack
FNDA:30,(anonymous_4)
FNDA:45,(anonymous_5)
DA:6,10
DA:8,10
DA:9,4
DA:10,4
DA:11,4
DA:12,4
DA:13,0
DA:15,4
DA:17,4
DA:19,0
DA:23,10
DA:26,1
DA:27,1
DA:28,1
DA:32,1
DA:35,10
DA:45,30
DA:49,45
LF:18
LH:16
BRDA:10,0,0,4
BRDA:10,0,1,1
BRDA:11,1,0,4
BRDA:11,1,1,0
BRDA:12,2,0,0
BRDA:12,2,1,4
BRDA:39,3,0,5
BRDA:39,3,1,5
BRF:8
BRH:6
end_of_record
TN:
SF:src/components/details/index.js
FNF:0
FNH:0
LF:0
LH:0
BRF:0
BRH:0
end_of_record
TN:
SF:src/components/dynamic-form/dynamic-form.jsx
FN:3,(anonymous_0)
FN:21,(anonymous_1)
FN:39,(anonymous_2)
FN:40,(anonymous_3)
FN:48,(anonymous_4)
FN:68,(anonymous_5)
FN:77,(anonymous_6)
FN:78,(anonymous_7)
FN:84,(anonymous_8)
FN:112,(anonymous_9)
FN:131,(anonymous_10)
FN:140,(anonymous_11)
FN:171,(anonymous_12)
FNF:13
FNH:8
FNDA:56,(anonymous_0)
FNDA:1,(anonymous_1)
FNDA:0,(anonymous_2)
FNDA:0,(anonymous_3)
FNDA:6,(anonymous_4)
FNDA:18,(anonymous_5)
FNDA:2,(anonymous_6)
FNDA:2,(anonymous_7)
FNDA:0,(anonymous_8)
FNDA:0,(anonymous_9)
FNDA:9,(anonymous_10)
FNDA:0,(anonymous_11)
FNDA:7,(anonymous_12)
DA:3,2
DA:4,56
DA:21,1
DA:40,0
DA:49,6
DA:69,18
DA:78,2
DA:79,2
DA:80,2
DA:82,2
DA:84,0
DA:86,2
DA:113,0
DA:132,9
DA:141,0
DA:171,7
LF:16
LH:12
BRDA:6,0,0,8
BRDA:6,0,1,48
BRDA:23,1,0,8
BRDA:23,1,1,0
BRDA:27,2,0,2
BRDA:27,2,1,46
BRDA:54,3,0,2
BRDA:54,3,1,0
BRDA:58,4,0,10
BRDA:58,4,1,36
BRDA:67,5,0,6
BRDA:67,5,1,4
BRDA:67,6,0,10
BRDA:67,6,1,6
BRDA:80,7,0,2
BRDA:80,7,1,2
BRDA:82,8,0,1
BRDA:82,8,1,1
BRDA:99,9,0,18
BRDA:99,9,1,3
BRDA:111,10,0,4
BRDA:111,10,1,4
BRDA:116,11,0,4
BRDA:116,11,1,1
BRDA:123,12,0,3
BRDA:123,12,1,33
BRDA:152,13,0,3
BRDA:152,13,1,1
BRDA:173,14,0,33
BRDA:173,14,1,1
BRF:30
BRH:28
end_of_record
TN:
SF:src/components/dynamic-form/index.js
FNF:0
FNH:0
LF:0
LH:0
BRF:0
BRH:0
end_of_record
TN:
SF:src/components/home/home.jsx
FN:9,Home
FN:16,(anonymous_1)
FN:17,fetchConfigData
FN:40,(anonymous_3)
FN:42,setDefaultValues
FN:50,(anonymous_5)
FN:56,(anonymous_6)
FN:66,(anonymous_7)
FN:82,(anonymous_8)
FN:88,(anonymous_9)
FN:95,(anonymous_10)
FN:103,(anonymous_11)
FN:104,(anonymous_12)
FN:130,(anonymous_13)
FN:131,(anonymous_14)
FN:135,(anonymous_15)
FN:141,(anonymous_16)
FN:146,(anonymous_17)
FN:161,(anonymous_18)
FNF:19
FNH:18
FNDA:30,Home
FNDA:10,(anonymous_1)
FNDA:10,fetchConfigData
FNDA:10,(anonymous_3)
FNDA:10,setDefaultValues
FNDA:20,(anonymous_5)
FNDA:10,(anonymous_6)
FNDA:12,(anonymous_7)
FNDA:6,(anonymous_8)
FNDA:12,(anonymous_9)
FNDA:12,(anonymous_10)
FNDA:12,(anonymous_11)
FNDA:12,(anonymous_12)
FNDA:4,(anonymous_13)
FNDA:4,(anonymous_14)
FNDA:4,(anonymous_15)
FNDA:20,(anonymous_16)
FNDA:34,(anonymous_17)
FNDA:0,(anonymous_18)
DA:10,30
DA:11,30
DA:12,30
DA:13,30
DA:14,30
DA:16,30
DA:18,10
DA:19,10
DA:20,10
DA:21,0
DA:22,0
DA:24,10
DA:25,10
DA:26,1
DA:28,9
DA:30,10
DA:32,10
DA:33,10
DA:34,10
DA:35,0
DA:40,30
DA:43,10
DA:45,10
DA:46,10
DA:48,10
DA:50,10
DA:51,20
DA:52,20
DA:56,10
DA:63,10
DA:66,30
DA:67,12
DA:70,12
DA:72,0
DA:74,0
DA:76,0
DA:78,0
DA:82,30
DA:83,6
DA:84,6
DA:85,6
DA:86,6
DA:88,6
DA:89,12
DA:90,12
DA:91,12
DA:92,0
DA:93,0
DA:95,12
DA:101,6
DA:103,12
DA:104,6
DA:105,12
DA:106,0
DA:107,0
DA:111,6
DA:112,6
DA:113,6
DA:115,0
DA:116,0
DA:117,0
DA:119,6
DA:124,0
DA:125,0
DA:130,30
DA:131,4
DA:135,4
DA:141,30
DA:142,20
DA:143,20
DA:144,20
DA:146,20
DA:147,34
DA:160,30
DA:161,30
DA:162,0
DA:163,0
DA:167,30
LF:78
LH:60
BRDA:18,0,0,10
BRDA:18,0,1,6
BRDA:20,1,0,0
BRDA:20,1,1,10
BRDA:20,2,0,10
BRDA:20,2,1,10
BRDA:20,2,2,10
BRDA:25,3,0,1
BRDA:25,3,1,9
BRDA:30,4,0,10
BRDA:30,4,1,6
BRDA:33,5,0,10
BRDA:33,5,1,8
BRDA:34,6,0,0
BRDA:34,6,1,10
BRDA:43,7,0,0
BRDA:43,7,1,10
BRDA:43,8,0,10
BRDA:43,8,1,10
BRDA:43,8,2,10
BRDA:48,9,0,0
BRDA:48,9,1,10
BRDA:51,10,0,20
BRDA:51,10,1,0
BRDA:67,11,0,6
BRDA:67,11,1,12
BRDA:67,11,2,0
BRDA:67,11,3,0
BRDA:67,11,4,0
BRDA:67,11,5,0
BRDA:90,12,0,12
BRDA:90,12,1,0
BRDA:91,13,0,0
BRDA:91,13,1,12
BRDA:105,14,0,0
BRDA:105,14,1,12
BRDA:111,15,0,6
BRDA:111,15,1,0
BRDA:112,16,0,6
BRDA:112,16,1,0
BRDA:142,17,0,0
BRDA:142,17,1,20
BRDA:162,18,0,0
BRDA:162,18,1,0
BRDA:170,19,0,30
BRDA:170,19,1,10
BRDA:177,20,0,30
BRDA:177,20,1,20
BRDA:177,20,2,20
BRDA:202,21,0,13
BRDA:202,21,1,7
BRDA:214,22,0,0
BRDA:214,22,1,20
BRF:53
BRH:35
end_of_record
TN:
SF:src/components/home/index.js
FNF:0
FNH:0
LF:0
LH:0
BRF:0
BRH:0
end_of_record
TN:
SF:src/components/progressbar/index.js
FNF:0
FNH:0
LF:0
LH:0
BRF:0
BRH:0
end_of_record
TN:
SF:src/components/progressbar/progressbar.jsx
FN:3,ProgressBar
FNF:1
FNH:1
FNDA:24,ProgressBar
DA:4,24
LF:1
LH:1
BRF:0
BRH:0
end_of_record
TN:
SF:src/components/stepscomponent/index.js
FNF:0
FNH:0
LF:0
LH:0
BRF:0
BRH:0
end_of_record
TN:
SF:src/components/stepscomponent/steps-component.jsx
FN:3,StepsComponent
FN:4,(anonymous_1)
FN:6,(anonymous_2)
FN:13,(anonymous_3)
FN:19,(anonymous_4)
FNF:5
FNH:5
FNDA:21,StepsComponent
FNDA:143,(anonymous_1)
FNDA:113,(anonymous_2)
FNDA:112,(anonymous_3)
FNDA:143,(anonymous_4)
DA:4,143
DA:6,21
DA:8,113
DA:9,21
DA:11,92
DA:12,92
DA:13,112
DA:16,21
DA:20,143
LF:9
LH:9
BRDA:8,0,0,21
BRDA:8,0,1,92
BRDA:21,1,0,9
BRDA:21,1,1,134
BRDA:35,2,0,21
BRDA:35,2,1,113
BRDA:69,3,0,20
BRDA:69,3,1,93
BRF:8
BRH:8
end_of_record
TN:
SF:src/components/thankyou/index.js
FNF:0
FNH:0
LF:0
LH:0
BRF:0
BRH:0
end_of_record
TN:
SF:src/components/thankyou/thankyou.jsx
FN:4,ThankYou
FN:7,handleNavigate
FN:13,(anonymous_2)
FNF:3
FNH:3
FNDA:4,ThankYou
FNDA:1,handleNavigate
FNDA:4,(anonymous_2)
DA:5,4
DA:8,1
DA:9,1
DA:10,1
DA:13,4
DA:14,4
DA:15,4
DA:16,1
DA:20,4
LF:9
LH:9
BRDA:14,0,0,4
BRDA:14,0,1,1
BRDA:15,1,0,1
BRDA:15,1,1,3
BRF:4
BRH:4
end_of_record
TN:
SF:src/utils/obj.js
FNF:0
FNH:0
DA:1,3
LF:1
LH:1
BRF:0
BRH:0
end_of_record
